Running: C:\Xilinx\14.7\ISE_DS\ISE\bin\nt64\unwrapped\fuse.exe -intstyle ise -incremental -lib unisims_ver -lib unimacro_ver -lib xilinxcorelib_ver -o D:/MKS/Decoder3to7/My3to7Decoder_isim_beh.exe -prj D:/MKS/Decoder3to7/My3to7Decoder_beh.prj work.My3to7Decoder work.glbl 
ISim P.20131013 (signature 0x7708f090)
Number of CPUs detected in this system: 2
Turning on mult-threading, number of parallel sub-compilation jobs: 4 
Determining compilation order of HDL files
Analyzing Verilog file "D:/MKS/Decoder3to7/My3to7Decoder.vf" into library work
Analyzing Verilog file "C:/Xilinx/14.7/ISE_DS/ISE//verilog/src/glbl.v" into library work
Starting static elaboration
Completed static elaboration
Compiling module AND3B3
Compiling module AND3B2
Compiling module AND3
Compiling module AND3B1
Compiling module My3to7Decoder
Compiling module glbl
Time Resolution for simulation is 1ps.
Waiting for 7 sub-compilation(s) to finish...
Compiled 6 Verilog Units
Built simulation executable D:/MKS/Decoder3to7/My3to7Decoder_isim_beh.exe
Fuse Memory Usage: 27856 KB
Fuse CPU Usage: 1187 ms
